#
# There is insufficient memory for the Java Runtime Environment to continue.
# Native memory allocation (malloc) failed to allocate 1048576 bytes for AllocateHeap
# Possible reasons:
#   The system is out of physical RAM or swap space
#   The process is running with CompressedOops enabled, and the Java Heap may be blocking the growth of the native heap
# Possible solutions:
#   Reduce memory load on the system
#   Increase physical memory or swap space
#   Check if swap backing store is full
#   Decrease Java heap size (-Xmx/-Xms)
#   Decrease number of Java threads
#   Decrease Java thread stack sizes (-Xss)
#   Set larger code cache with -XX:ReservedCodeCacheSize=
#   JVM is running with Unscaled Compressed Oops mode in which the Java heap is
#     placed in the first 4GB address space. The Java Heap base address is the
#     maximum limit for the native heap growth. Please use -XX:HeapBaseMinAddress
#     to set the Java Heap base and to place the Java Heap above 4GB virtual address.
# This output file may be truncated or incomplete.
#
#  Out of Memory Error (c:/BuildAgent/work/5ff2f6c26000d570/src/hotspot/share/memory/allocation.cpp:46), pid=16284, tid=16272
#
# JRE version:  (11.0.5+10) (build )
# Java VM: OpenJDK 64-Bit Server VM (11.0.5+10-b520.17, mixed mode, aot, sharing, tiered, compressed oops, g1 gc, windows-amd64)
# No core dump will be written. Minidumps are not enabled by default on client versions of Windows
#

---------------  S U M M A R Y ------------

Command Line: org.jetbrains.git4idea.http.GitAskPassApp Username for 'https://github.com': 

Host: Intel(R) Core(TM) i3-8100 CPU @ 3.60GHz, 4 cores, 15G,  Windows 10 , 64 bit Build 18362 (10.0.18362.959)
Time: Tue Aug  4 17:23:50 2020 ?D1¨²¡À¨º¡Á?¨º¡À?? elapsed time: 0 seconds (0d 0h 0m 0s)

---------------  T H R E A D  ---------------

Current thread (0x000002158a608800):  JavaThread "Unknown thread" [_thread_in_vm, id=16272, stack(0x000000b7b0c00000,0x000000b7b0d00000)]

Stack: [0x000000b7b0c00000,0x000000b7b0d00000]
Native frames: (J=compiled Java code, j=interpreted, Vv=VM code, C=native code)
V  [jvm.dll+0x5dcafa]
V  [jvm.dll+0x70e375]
V  [jvm.dll+0x70f898]
V  [jvm.dll+0x70ff63]
V  [jvm.dll+0x23e238]
V  [jvm.dll+0xb0344]
V  [jvm.dll+0x2d16a3]
V  [jvm.dll+0x6ed227]
V  [jvm.dll+0x6eea2c]
V  [jvm.dll+0x355849]
V  [jvm.dll+0x6d239e]
V  [jvm.dll+0x3be283]
V  [jvm.dll+0x3c0701]
C  [jli.dll+0x5363]
C  [ucrtbase.dll+0x20e82]
C  [KERNEL32.DLL+0x17bd4]
C  [ntdll.dll+0x6ce51]


---------------  P R O C E S S  ---------------

Threads class SMR info:
_java_thread_list=0x000002158a5062f0, length=0, elements={
}

Java Threads: ( => current thread )

Other Threads:

[error occurred during error reporting (printing all threads), id 0xc0000005, EXCEPTION_ACCESS_VIOLATION (0xc0000005) at pc=0x00007ffd5cff6dce]

VM state:not at safepoint (not fully initialized)

VM Mutex/Monitor currently owned by a thread: None


[error occurred during error reporting (printing compressed oops mode), id 0xc0000005, EXCEPTION_ACCESS_VIOLATION (0xc0000005) at pc=0x00007ffd5d00e077]

GC Heap History (0 events):
No events

Deoptimization events (0 events):
No events

Classes redefined (0 events):
No events

Internal exceptions (0 events):
No events

Events (0 events):
No events


Dynamic libraries:
0x00007ff74f9f0000 - 0x00007ff74f9fa000 	G:\JetBrains\IntelliJ IDEA 2019.3.1\jbr\bin\java.exe
0x00007ffd86ec0000 - 0x00007ffd870b0000 	C:\WINDOWS\SYSTEM32\ntdll.dll
0x00007ffd864a0000 - 0x00007ffd86552000 	C:\WINDOWS\System32\KERNEL32.DLL
0x00007ffd83f10000 - 0x00007ffd841b4000 	C:\WINDOWS\System32\KERNELBASE.dll
0x00007ffd84c20000 - 0x00007ffd84d1a000 	C:\WINDOWS\System32\ucrtbase.dll
0x00007ffd59460000 - 0x00007ffd59477000 	G:\JetBrains\IntelliJ IDEA 2019.3.1\jbr\bin\VCRUNTIME140.dll
0x00007ffd76190000 - 0x00007ffd761a9000 	G:\JetBrains\IntelliJ IDEA 2019.3.1\jbr\bin\jli.dll
0x00007ffd85730000 - 0x00007ffd858c4000 	C:\WINDOWS\System32\USER32.dll
0x00007ffd84b20000 - 0x00007ffd84b41000 	C:\WINDOWS\System32\win32u.dll
0x00007ffd86610000 - 0x00007ffd86636000 	C:\WINDOWS\System32\GDI32.dll
0x00007ffd841c0000 - 0x00007ffd84356000 	C:\WINDOWS\System32\gdi32full.dll
0x00007ffd84e70000 - 0x00007ffd84f0e000 	C:\WINDOWS\System32\msvcp_win.dll
0x00007ffd74420000 - 0x00007ffd746a4000 	C:\WINDOWS\WinSxS\amd64_microsoft.windows.common-controls_6595b64144ccf1df_6.0.18362.959_none_e6c7bbbf130c62bb\COMCTL32.dll
0x00007ffd86640000 - 0x00007ffd866de000 	C:\WINDOWS\System32\msvcrt.dll
0x00007ffd85270000 - 0x00007ffd855a5000 	C:\WINDOWS\System32\combase.dll
0x00007ffd86d60000 - 0x00007ffd86e80000 	C:\WINDOWS\System32\RPCRT4.dll
0x00007ffd83e40000 - 0x00007ffd83ec0000 	C:\WINDOWS\System32\bcryptPrimitives.dll
0x00007ffd85960000 - 0x00007ffd8598e000 	C:\WINDOWS\System32\IMM32.DLL
0x00007ffd593c0000 - 0x00007ffd5945d000 	G:\JetBrains\IntelliJ IDEA 2019.3.1\jbr\bin\msvcp140.dll
0x00007ffd5c920000 - 0x00007ffd5d3db000 	G:\JetBrains\IntelliJ IDEA 2019.3.1\jbr\bin\server\jvm.dll
0x00007ffd855b0000 - 0x00007ffd85653000 	C:\WINDOWS\System32\ADVAPI32.dll
0x00007ffd86570000 - 0x00007ffd86607000 	C:\WINDOWS\System32\sechost.dll
0x00007ffd85a60000 - 0x00007ffd85a68000 	C:\WINDOWS\System32\PSAPI.DLL
0x00007ffd81f40000 - 0x00007ffd81f49000 	C:\WINDOWS\SYSTEM32\WSOCK32.dll
0x00007ffd81cd0000 - 0x00007ffd81cf4000 	C:\WINDOWS\SYSTEM32\WINMM.dll
0x00007ffd85990000 - 0x00007ffd859ff000 	C:\WINDOWS\System32\WS2_32.dll
0x00007ffd764b0000 - 0x00007ffd764ba000 	C:\WINDOWS\SYSTEM32\VERSION.dll
0x00007ffd81ca0000 - 0x00007ffd81ccd000 	C:\WINDOWS\SYSTEM32\WINMMBASE.dll
0x00007ffd83ec0000 - 0x00007ffd83f0a000 	C:\WINDOWS\System32\cfgmgr32.dll
0x00007ffd83da0000 - 0x00007ffd83db1000 	C:\WINDOWS\System32\kernel.appcore.dll
0x00007ffd78ed0000 - 0x00007ffd78ee1000 	G:\JetBrains\IntelliJ IDEA 2019.3.1\jbr\bin\verify.dll
0x00007ffd724c0000 - 0x00007ffd726b4000 	C:\WINDOWS\SYSTEM32\DBGHELP.DLL
0x00007ffd72490000 - 0x00007ffd724ba000 	C:\WINDOWS\SYSTEM32\dbgcore.DLL
0x00007ffd72b50000 - 0x00007ffd72b79000 	G:\JetBrains\IntelliJ IDEA 2019.3.1\jbr\bin\java.dll
0x00007ffd6f0c0000 - 0x00007ffd6f0d7000 	G:\JetBrains\IntelliJ IDEA 2019.3.1\jbr\bin\zip.dll
0x00007ffd78ec0000 - 0x00007ffd78ecb000 	G:\JetBrains\IntelliJ IDEA 2019.3.1\jbr\bin\jimage.dll

dbghelp: loaded successfully - version: 4.0.5 - missing functions: none
symbol engine: initialized successfully - sym options: 0x614 - pdb path: .;G:\JetBrains\IntelliJ IDEA 2019.3.1\jbr\bin;C:\WINDOWS\SYSTEM32;C:\WINDOWS\WinSxS\amd64_microsoft.windows.common-controls_6595b64144ccf1df_6.0.18362.959_none_e6c7bbbf130c62bb;G:\JetBrains\IntelliJ IDEA 2019.3.1\jbr\bin\server

VM Arguments:
java_command: org.jetbrains.git4idea.http.GitAskPassApp Username for 'https://github.com': 
java_class_path (initial): G:/JetBrains/IntelliJ IDEA 2019.3.1/plugins/git4idea/lib/git4idea-rt.jar;G:/JetBrains/IntelliJ IDEA 2019.3.1/lib/xmlrpc-2.0.1.jar;G:/JetBrains/IntelliJ IDEA 2019.3.1/lib/commons-codec-1.13.jar;G:/JetBrains/IntelliJ IDEA 2019.3.1/lib/util.jar
Launcher Type: SUN_STANDARD

[Global flags]
     intx CICompilerCount                          = 3                                         {product} {ergonomic}
     uint G1ConcRefinementThreads                  = 4                                         {product} {ergonomic}
   size_t G1HeapRegionSize                         = 1048576                                   {product} {ergonomic}
    uintx GCDrainStackTargetSize                   = 64                                        {product} {ergonomic}
   size_t InitialHeapSize                          = 266338304                                 {product} {ergonomic}
   size_t MaxHeapSize                              = 4250927104                                {product} {ergonomic}
   size_t MinHeapDeltaBytes                        = 1048576                                   {product} {ergonomic}
    uintx NonNMethodCodeHeapSize                   = 5830732                                {pd product} {ergonomic}
    uintx NonProfiledCodeHeapSize                  = 122913754                              {pd product} {ergonomic}
    uintx ProfiledCodeHeapSize                     = 122913754                              {pd product} {ergonomic}
    uintx ReservedCodeCacheSize                    = 251658240                              {pd product} {ergonomic}
     bool SegmentedCodeCache                       = true                                      {product} {ergonomic}
     bool UseCompressedClassPointers               = true                                 {lp64_product} {ergonomic}
     bool UseCompressedOops                        = true                                 {lp64_product} {ergonomic}
     bool UseG1GC                                  = true                                      {product} {ergonomic}
     bool UseLargePagesIndividualAllocation        = false                                  {pd product} {ergonomic}

Logging:
Log output configuration:
 #0: stdout all=warning uptime,level,tags
 #1: stderr all=off uptime,level,tags

Environment Variables:
PATH=G:\git2019\mingw64\libexec\git-core;G:\git2019\mingw64\libexec\git-core;G:\git2019\mingw64\bin;G:\git2019\usr\bin;C:\Users\admin\bin;C:\ProgramData\Oracle\Java\javapath;C:\WINDOWS\system32;C:\WINDOWS;C:\WINDOWS\System32\Wbem;C:\WINDOWS\System32\WindowsPowerShell\v1.0;G:\git2019\cmd;C:\WINDOWS\System32\OpenSSH;C:\Program Files\Java\jdk1.8.0_73\bin;G:\javasetup\gradle-6.1\bin;D:\softWare\apache-maven-3.6.1\bin;C:\Ruby26-x64\bin;C:\Users\admin\AppData\Local\Microsoft\WindowsApps
USERNAME=admin
DISPLAY=:0.0
OS=Windows_NT
PROCESSOR_IDENTIFIER=Intel64 Family 6 Model 158 Stepping 11, GenuineIntel



---------------  S Y S T E M  ---------------

OS: Windows 10 , 64 bit Build 18362 (10.0.18362.959)

CPU:total 4 (initial active 4) (4 cores per cpu, 1 threads per core) family 6 model 158 stepping 11, cmov, cx8, fxsr, mmx, sse, sse2, sse3, ssse3, sse4.1, sse4.2, popcnt, avx, avx2, aes, clmul, erms, 3dnowpref, lzcnt, tsc, tscinvbit, bmi1, bmi2, adx, fma

Memory: 4k page, system-wide physical 16210M (6458M free)
TotalPageFile size 18258M (AvailPageFile size 5M)
current process WorkingSet (physical memory assigned to process): 9M, peak: 9M
current process commit charge ("private bytes"): 10M, peak: 11M

vm_info: OpenJDK 64-Bit Server VM (11.0.5+10-b520.17) for windows-amd64 JRE (11.0.5+10-b520.17), built on Dec  2 2019 12:11:34 by "" with MS VC++ 14.0 (VS2015)

END.
